<?xml version="1.0" encoding="UTF-8"?>
<!-- Generated by org.testng.reporters.JUnitReportReporter -->
<testsuite hostname="LAPTOP-G457OLQ6" failures="0" tests="1" name="tests.prw.TestAlCreation" time="57.015" errors="0" timestamp="2025-03-07T02:03:28 IST" skipped="0">
  <testcase classname="tests.prw.TestAlCreation" name="testAlCreation" time="57.015"/>
</testsuite> <!-- tests.prw.TestAlCreation -->
