<?xml version="1.0" encoding="UTF-8"?>
<!-- Generated by org.testng.reporters.JUnitReportReporter -->
<testsuite hostname="LAPTOP-G457OLQ6" failures="0" tests="2" name="tests.salesfoce.TestImportBoM" time="129.959" errors="0" timestamp="2025-03-01T20:08:27 IST" skipped="0">
  <testcase classname="tests.salesfoce.TestImportBoM" name="testImportBom" time="66.620"/>
  <testcase classname="tests.salesfoce.TestImportBoM" name="testImportDeal" time="63.339"/>
</testsuite> <!-- tests.salesfoce.TestImportBoM -->
