<?xml version="1.0" encoding="UTF-8"?>
<!-- Generated by org.testng.reporters.JUnitReportReporter -->
<testsuite hostname="LAPTOP-G457OLQ6" failures="0" tests="1" name="tests.salesfoce.TestEndToEndFlow" time="100.916" errors="0" timestamp="2025-03-02T16:50:29 IST" skipped="0">
  <testcase classname="tests.salesfoce.TestEndToEndFlow" name="endToEnd" time="100.916"/>
</testsuite> <!-- tests.salesfoce.TestEndToEndFlow -->
