<?xml version="1.0" encoding="UTF-8"?>
<!-- Generated by org.testng.reporters.JUnitReportReporter -->
<testsuite hostname="LAPTOP-G457OLQ6" failures="0" tests="1" name="tests.salesfoce.TestCreateQuote" time="87.147" errors="0" timestamp="2025-02-15T23:14:25 IST" skipped="0">
  <testcase classname="tests.salesfoce.TestCreateQuote" name="testCreationOfQuote" time="87.147"/>
</testsuite> <!-- tests.salesfoce.TestCreateQuote -->
