<?xml version="1.0" encoding="UTF-8"?>
<!-- Generated by org.testng.reporters.JUnitReportReporter -->
<testsuite hostname="LAPTOP-G457OLQ6" failures="0" tests="1" name="tests.salesfoce.TestSalesforceLogin_POM" time="38.734" errors="0" timestamp="2025-02-15T19:46:05 IST" skipped="0">
  <testcase classname="tests.salesfoce.TestSalesforceLogin_POM" name="testPositive" time="38.734"/>
</testsuite> <!-- tests.salesfoce.TestSalesforceLogin_POM -->
