<?xml version="1.0" encoding="UTF-8"?>
<!-- Generated by org.testng.reporters.JUnitReportReporter -->
<testsuite hostname="LAPTOP-G457OLQ6" failures="0" tests="2" name="tests.salesfoce.TestImportBoM" time="120.706" errors="0" timestamp="2025-03-02T16:50:29 IST" skipped="0">
  <testcase classname="tests.salesfoce.TestImportBoM" name="testImportBom" time="63.269"/>
  <testcase classname="tests.salesfoce.TestImportBoM" name="testImportDeal" time="57.437"/>
</testsuite> <!-- tests.salesfoce.TestImportBoM -->
