<?xml version="1.0" encoding="UTF-8"?>
<!-- Generated by org.testng.reporters.JUnitReportReporter -->
<testsuite hostname="LAPTOP-G457OLQ6" failures="0" tests="4" name="tests.vwoLoginPage.pageObjectModel_TestCase.TestVWOLoginFromExcel" time="39.773" errors="0" timestamp="2025-02-16T01:27:54 IST" skipped="0">
  <testcase classname="tests.vwoLoginPage.pageObjectModel_TestCase.TestVWOLoginFromExcel" name="testLoginWithExcelData" time="9.566"/>
  <testcase classname="tests.vwoLoginPage.pageObjectModel_TestCase.TestVWOLoginFromExcel" name="testLoginWithExcelData" time="9.986"/>
  <testcase classname="tests.vwoLoginPage.pageObjectModel_TestCase.TestVWOLoginFromExcel" name="testLoginWithExcelData" time="10.546"/>
  <testcase classname="tests.vwoLoginPage.pageObjectModel_TestCase.TestVWOLoginFromExcel" name="testLoginWithExcelData" time="9.675"/>
</testsuite> <!-- tests.vwoLoginPage.pageObjectModel_TestCase.TestVWOLoginFromExcel -->
